<?xml version="1.0" encoding="UTF-8"?>
<!-- Generated by org.testng.reporters.JUnitXMLReporter -->
<testsuite ignored="2" hostname="DESKTOP-75G1BKT" failures="0" tests="2" name="Edge Test" time="150.145" errors="0" timestamp="2024-12-10T20:34:21 IST">
  <testcase classname="test.TC_001_RegisterTest" name="registerTest" time="3.101"/>
  <testcase classname="test.TC_002_SignInTest" name="loginTest" time="63.463"/>
  <testcase classname="base.ProjectSpecificationMethod" name="@BeforeSuite reportInitilization" time="0.0">
    <ignored/>
  </testcase> <!-- @BeforeSuite reportInitilization -->
  <testcase classname="base.ProjectSpecificationMethod" name="@AfterSuite closesuite" time="0.0">
    <ignored/>
  </testcase> <!-- @AfterSuite closesuite -->
</testsuite> <!-- Edge Test -->
