<?xml version="1.0" encoding="UTF-8"?>
<!-- Generated by org.testng.reporters.JUnitXMLReporter -->
<testsuite ignored="2" hostname="DESKTOP-75G1BKT" failures="0" tests="2" name="Edge Test" time="78.921" errors="0" timestamp="2024-12-16T11:46:10 IST">
  <testcase classname="test.TC_001_RegisterTest" name="registerTest" time="2.158"/>
  <testcase classname="test.TC_002_SignInTest" name="loginTest" time="63.705"/>
  <testcase classname="base.ProjectSpecificationMethod" name="@AfterSuite closesuite" time="0.0">
    <ignored/>
  </testcase> <!-- @AfterSuite closesuite -->
  <testcase classname="base.ProjectSpecificationMethod" name="@BeforeSuite reportInitilization" time="0.0">
    <ignored/>
  </testcase> <!-- @BeforeSuite reportInitilization -->
</testsuite> <!-- Edge Test -->
