<?xml version="1.0" encoding="UTF-8"?>
<!-- Generated by org.testng.reporters.JUnitXMLReporter -->
<testsuite ignored="4" hostname="DESKTOP-75G1BKT" failures="0" tests="3" name="Test" time="79.47" errors="0" timestamp="2024-12-16T13:45:16 IST">
  <testcase classname="test.TC_001_RegisterTest" name="registerTest" time="2.122"/>
  <testcase classname="test.TC_002_SignInTest" name="loginTest" time="63.654"/>
  <testcase classname="test.TC_003_InvalidLoginTest" name="InvalidTest" time="1.683"/>
  <testcase classname="base.ProjectSpecificationMethod" name="@AfterSuite closesuite" time="0.0">
    <ignored/>
  </testcase> <!-- @AfterSuite closesuite -->
  <testcase classname="base.ProjectSpecificationMethod" name="@BeforeSuite reportInitilization" time="0.0">
    <ignored/>
  </testcase> <!-- @BeforeSuite reportInitilization -->
  <testcase classname="base.ProjectSpecificationMethod" name="@BeforeSuite reportInitilization" time="0.0">
    <ignored/>
  </testcase> <!-- @BeforeSuite reportInitilization -->
  <testcase classname="base.ProjectSpecificationMethod" name="@AfterSuite closesuite" time="0.0">
    <ignored/>
  </testcase> <!-- @AfterSuite closesuite -->
</testsuite> <!-- Test -->
