<?xml version="1.0" encoding="UTF-8"?>
<!-- Generated by org.testng.reporters.JUnitXMLReporter -->
<testsuite ignored="2" hostname="DESKTOP-75G1BKT" failures="0" tests="2" name="Test" time="73.176" errors="0" timestamp="2024-12-16T11:44:51 IST">
  <testcase classname="test.TC_001_RegisterTest" name="registerTest" time="1.917"/>
  <testcase classname="test.TC_002_SignInTest" name="loginTest" time="61.043"/>
  <testcase classname="base.ProjectSpecificationMethod" name="@BeforeSuite reportInitilization" time="0.0">
    <ignored/>
  </testcase> <!-- @BeforeSuite reportInitilization -->
  <testcase classname="base.ProjectSpecificationMethod" name="@AfterSuite closesuite" time="0.0">
    <ignored/>
  </testcase> <!-- @AfterSuite closesuite -->
</testsuite> <!-- Test -->
