<?xml version="1.0" encoding="UTF-8"?>
<testng-results ignored="0" total="4" passed="4" failed="0" skipped="0">
  <reporter-output>
  </reporter-output>
  <suite started-at="2024-12-15T10:03:58 IST" name="Suite" finished-at="2024-12-15T10:06:57 IST" duration-ms="178925">
    <groups>
    </groups>
    <test started-at="2024-12-15T10:03:58 IST" name="Test" finished-at="2024-12-15T10:05:27 IST" duration-ms="89080">
      <class name="test.TC_002_SignInTest">
        <test-method is-config="true" signature="data()[pri:0, instance:test.TC_002_SignInTest@30c15d8b]" started-at="2024-12-15T10:03:58 IST" name="data" finished-at="2024-12-15T10:03:58 IST" duration-ms="1" status="PASS">
          <reporter-output>
          </reporter-output>
        </test-method> <!-- data -->
        <test-method is-config="true" signature="launchLoadUrl(java.lang.String,java.lang.String)[pri:0, instance:test.TC_002_SignInTest@30c15d8b]" started-at="2024-12-15T10:04:21 IST" name="launchLoadUrl" finished-at="2024-12-15T10:04:25 IST" duration-ms="4725" status="PASS">
          <params>
            <param index="0">
              <value>
                <![CDATA[https://www.demoblaze.com]]>
              </value>
            </param>
            <param index="1">
              <value>
                <![CDATA[Chrome]]>
              </value>
            </param>
          </params>
          <reporter-output>
          </reporter-output>
        </test-method> <!-- launchLoadUrl -->
        <test-method signature="loginTest()[pri:0, instance:test.TC_002_SignInTest@30c15d8b]" started-at="2024-12-15T10:04:25 IST" name="loginTest" finished-at="2024-12-15T10:05:25 IST" duration-ms="60002" status="PASS">
          <reporter-output>
          </reporter-output>
        </test-method> <!-- loginTest -->
        <test-method is-config="true" signature="closeLaunch()[pri:0, instance:test.TC_002_SignInTest@30c15d8b]" started-at="2024-12-15T10:05:25 IST" name="closeLaunch" finished-at="2024-12-15T10:05:27 IST" duration-ms="1937" status="PASS">
          <reporter-output>
          </reporter-output>
        </test-method> <!-- closeLaunch -->
      </class> <!-- test.TC_002_SignInTest -->
      <class name="test.TC_001_RegisterTest">
        <test-method is-config="true" signature="data()[pri:0, instance:test.TC_001_RegisterTest@5fe94a96]" started-at="2024-12-15T10:03:58 IST" name="data" finished-at="2024-12-15T10:03:58 IST" duration-ms="2" status="PASS">
          <reporter-output>
          </reporter-output>
        </test-method> <!-- data -->
        <test-method is-config="true" signature="launchLoadUrl(java.lang.String,java.lang.String)[pri:0, instance:test.TC_001_RegisterTest@5fe94a96]" started-at="2024-12-15T10:03:58 IST" name="launchLoadUrl" finished-at="2024-12-15T10:04:05 IST" duration-ms="6442" status="PASS">
          <params>
            <param index="0">
              <value>
                <![CDATA[https://www.demoblaze.com]]>
              </value>
            </param>
            <param index="1">
              <value>
                <![CDATA[Chrome]]>
              </value>
            </param>
          </params>
          <reporter-output>
          </reporter-output>
        </test-method> <!-- launchLoadUrl -->
        <test-method signature="registerTest()[pri:0, instance:test.TC_001_RegisterTest@5fe94a96]" started-at="2024-12-15T10:04:05 IST" name="registerTest" finished-at="2024-12-15T10:04:07 IST" duration-ms="2402" status="PASS">
          <reporter-output>
          </reporter-output>
        </test-method> <!-- registerTest -->
        <test-method is-config="true" signature="closeLaunch()[pri:0, instance:test.TC_001_RegisterTest@5fe94a96]" started-at="2024-12-15T10:04:07 IST" name="closeLaunch" finished-at="2024-12-15T10:04:21 IST" duration-ms="13461" status="PASS">
          <reporter-output>
          </reporter-output>
        </test-method> <!-- closeLaunch -->
      </class> <!-- test.TC_001_RegisterTest -->
    </test> <!-- Test -->
    <test started-at="2024-12-15T10:05:28 IST" name="Edge Test" finished-at="2024-12-15T10:06:57 IST" duration-ms="88906">
      <class name="test.TC_002_SignInTest">
        <test-method is-config="true" signature="data()[pri:0, instance:test.TC_002_SignInTest@3eb738bb]" started-at="2024-12-15T10:05:28 IST" name="data" finished-at="2024-12-15T10:05:28 IST" duration-ms="1" status="PASS">
          <reporter-output>
          </reporter-output>
        </test-method> <!-- data -->
        <test-method is-config="true" signature="launchLoadUrl(java.lang.String,java.lang.String)[pri:0, instance:test.TC_002_SignInTest@3eb738bb]" started-at="2024-12-15T10:05:44 IST" name="launchLoadUrl" finished-at="2024-12-15T10:05:51 IST" duration-ms="7427" status="PASS">
          <params>
            <param index="0">
              <value>
                <![CDATA[https://www.demoblaze.com]]>
              </value>
            </param>
            <param index="1">
              <value>
                <![CDATA[Edge]]>
              </value>
            </param>
          </params>
          <reporter-output>
          </reporter-output>
        </test-method> <!-- launchLoadUrl -->
        <test-method signature="loginTest()[pri:0, instance:test.TC_002_SignInTest@3eb738bb]" started-at="2024-12-15T10:05:51 IST" name="loginTest" finished-at="2024-12-15T10:06:54 IST" duration-ms="62691" status="PASS">
          <reporter-output>
          </reporter-output>
        </test-method> <!-- loginTest -->
        <test-method is-config="true" signature="closeLaunch()[pri:0, instance:test.TC_002_SignInTest@3eb738bb]" started-at="2024-12-15T10:06:54 IST" name="closeLaunch" finished-at="2024-12-15T10:06:57 IST" duration-ms="3165" status="PASS">
          <reporter-output>
          </reporter-output>
        </test-method> <!-- closeLaunch -->
      </class> <!-- test.TC_002_SignInTest -->
      <class name="test.TC_001_RegisterTest">
        <test-method is-config="true" signature="reportInitilization()[pri:0, instance:test.TC_001_RegisterTest@233795b6]" started-at="2024-12-15T10:03:58 IST" name="reportInitilization" finished-at="2024-12-15T10:03:58 IST" duration-ms="561" status="PASS">
          <reporter-output>
          </reporter-output>
        </test-method> <!-- reportInitilization -->
        <test-method is-config="true" signature="data()[pri:0, instance:test.TC_001_RegisterTest@233795b6]" started-at="2024-12-15T10:05:28 IST" name="data" finished-at="2024-12-15T10:05:28 IST" duration-ms="2" status="PASS">
          <reporter-output>
          </reporter-output>
        </test-method> <!-- data -->
        <test-method is-config="true" signature="launchLoadUrl(java.lang.String,java.lang.String)[pri:0, instance:test.TC_001_RegisterTest@233795b6]" started-at="2024-12-15T10:05:28 IST" name="launchLoadUrl" finished-at="2024-12-15T10:05:35 IST" duration-ms="7005" status="PASS">
          <params>
            <param index="0">
              <value>
                <![CDATA[https://www.demoblaze.com]]>
              </value>
            </param>
            <param index="1">
              <value>
                <![CDATA[Edge]]>
              </value>
            </param>
          </params>
          <reporter-output>
          </reporter-output>
        </test-method> <!-- launchLoadUrl -->
        <test-method signature="registerTest()[pri:0, instance:test.TC_001_RegisterTest@233795b6]" started-at="2024-12-15T10:05:35 IST" name="registerTest" finished-at="2024-12-15T10:05:38 IST" duration-ms="2364" status="PASS">
          <reporter-output>
          </reporter-output>
        </test-method> <!-- registerTest -->
        <test-method is-config="true" signature="closeLaunch()[pri:0, instance:test.TC_001_RegisterTest@233795b6]" started-at="2024-12-15T10:05:38 IST" name="closeLaunch" finished-at="2024-12-15T10:05:44 IST" duration-ms="6242" status="PASS">
          <reporter-output>
          </reporter-output>
        </test-method> <!-- closeLaunch -->
        <test-method is-config="true" signature="closesuite()[pri:0, instance:test.TC_001_RegisterTest@233795b6]" started-at="2024-12-15T10:06:57 IST" name="closesuite" finished-at="2024-12-15T10:06:57 IST" duration-ms="36" status="PASS">
          <reporter-output>
          </reporter-output>
        </test-method> <!-- closesuite -->
      </class> <!-- test.TC_001_RegisterTest -->
    </test> <!-- Edge Test -->
  </suite> <!-- Suite -->
</testng-results>
