<?xml version="1.0" encoding="UTF-8"?>
<testng-results ignored="0" total="1" passed="1" failed="0" skipped="0">
  <reporter-output>
  </reporter-output>
  <suite started-at="2024-12-16T13:42:32 IST" name="Suite" finished-at="2024-12-16T13:42:38 IST" duration-ms="5859">
    <groups>
    </groups>
    <test started-at="2024-12-16T13:42:32 IST" name="Test" finished-at="2024-12-16T13:42:38 IST" duration-ms="5859">
      <class name="test.TC_003_InvalidLoginTest">
        <test-method is-config="true" signature="reportInitilization()[pri:0, instance:test.TC_003_InvalidLoginTest@158a8276]" started-at="2024-12-16T13:42:31 IST" name="reportInitilization" finished-at="2024-12-16T13:42:32 IST" duration-ms="430" status="PASS">
          <reporter-output>
          </reporter-output>
        </test-method> <!-- reportInitilization -->
        <test-method is-config="true" signature="data()[pri:0, instance:test.TC_003_InvalidLoginTest@158a8276]" started-at="2024-12-16T13:42:32 IST" name="data" finished-at="2024-12-16T13:42:32 IST" duration-ms="1" status="PASS">
          <reporter-output>
          </reporter-output>
        </test-method> <!-- data -->
        <test-method is-config="true" signature="launchLoadUrl(java.lang.String,java.lang.String)[pri:0, instance:test.TC_003_InvalidLoginTest@158a8276]" started-at="2024-12-16T13:42:32 IST" name="launchLoadUrl" finished-at="2024-12-16T13:42:36 IST" duration-ms="4037" status="PASS">
          <params>
            <param index="0">
              <value>
                <![CDATA[https://www.demoblaze.com]]>
              </value>
            </param>
            <param index="1">
              <value>
                <![CDATA[Chrome]]>
              </value>
            </param>
          </params>
          <reporter-output>
          </reporter-output>
        </test-method> <!-- launchLoadUrl -->
        <test-method signature="InvalidTest()[pri:0, instance:test.TC_003_InvalidLoginTest@158a8276]" started-at="2024-12-16T13:42:36 IST" name="InvalidTest" finished-at="2024-12-16T13:42:37 IST" duration-ms="1535" status="PASS">
          <reporter-output>
          </reporter-output>
        </test-method> <!-- InvalidTest -->
        <test-method is-config="true" signature="closeLaunch()[pri:0, instance:test.TC_003_InvalidLoginTest@158a8276]" started-at="2024-12-16T13:42:37 IST" name="closeLaunch" finished-at="2024-12-16T13:42:38 IST" duration-ms="222" status="PASS">
          <reporter-output>
          </reporter-output>
        </test-method> <!-- closeLaunch -->
        <test-method is-config="true" signature="closesuite()[pri:0, instance:test.TC_003_InvalidLoginTest@158a8276]" started-at="2024-12-16T13:42:38 IST" name="closesuite" finished-at="2024-12-16T13:42:38 IST" duration-ms="711" status="PASS">
          <reporter-output>
          </reporter-output>
        </test-method> <!-- closesuite -->
      </class> <!-- test.TC_003_InvalidLoginTest -->
    </test> <!-- Test -->
  </suite> <!-- Suite -->
</testng-results>
